c:\users\administrator\source\repos\learnning\learnning\debug\vc141.pdb
c:\users\administrator\source\repos\learnning\learnning\debug\vc141.idb
c:\users\administrator\source\repos\learnning\learnning\debug\learnning.obj
c:\users\administrator\source\repos\learnning\learnning\debug\common.obj
c:\users\administrator\source\repos\learnning\learnning\debug\scanner.obj
c:\users\administrator\source\repos\learnning\learnning\debug\ping.obj
c:\users\administrator\source\repos\learnning\learnning\debug\socket.obj
c:\users\administrator\source\repos\learnning\learnning\debug\源.obj
c:\users\administrator\source\repos\learnning\learnning\debug\getpacket.obj
c:\users\administrator\source\repos\learnning\debug\learnning.ilk
c:\users\administrator\source\repos\learnning\debug\learnning.exe
c:\users\administrator\source\repos\learnning\debug\learnning.pdb
c:\users\administrator\source\repos\learnning\learnning\debug\learnning.res
c:\users\administrator\source\repos\learnning\learnning\debug\learnning.tlog\cl.command.1.tlog
c:\users\administrator\source\repos\learnning\learnning\debug\learnning.tlog\cl.read.1.tlog
c:\users\administrator\source\repos\learnning\learnning\debug\learnning.tlog\cl.write.1.tlog
c:\users\administrator\source\repos\learnning\learnning\debug\learnning.tlog\link.command.1.tlog
c:\users\administrator\source\repos\learnning\learnning\debug\learnning.tlog\link.read.1.tlog
c:\users\administrator\source\repos\learnning\learnning\debug\learnning.tlog\link.write.1.tlog
c:\users\administrator\source\repos\learnning\learnning\debug\learnning.tlog\rc.command.1.tlog
c:\users\administrator\source\repos\learnning\learnning\debug\learnning.tlog\rc.read.1.tlog
c:\users\administrator\source\repos\learnning\learnning\debug\learnning.tlog\rc.write.1.tlog
