c:\users\administrator\source\repos\net\net\release\common.nativecodeanalysis.xml
c:\users\administrator\source\repos\net\net\release\getpacket.nativecodeanalysis.xml
c:\users\administrator\source\repos\net\net\release\pch.nativecodeanalysis.xml
c:\users\administrator\source\repos\net\net\release\ping.nativecodeanalysis.xml
c:\users\administrator\source\repos\net\net\release\scanner.nativecodeanalysis.xml
c:\users\administrator\source\repos\net\net\release\socket.nativecodeanalysis.xml
c:\users\administrator\source\repos\net\net\release\源.nativecodeanalysis.xml
c:\users\administrator\source\repos\net\net\release\vc141.pdb
c:\users\administrator\source\repos\net\net\release\源.obj
c:\users\administrator\source\repos\net\net\release\socket.obj
c:\users\administrator\source\repos\net\net\release\scanner.obj
c:\users\administrator\source\repos\net\net\release\ping.obj
c:\users\administrator\source\repos\net\net\release\pch.obj
c:\users\administrator\source\repos\net\net\release\getpacket.obj
c:\users\administrator\source\repos\net\net\release\common.obj
c:\users\administrator\source\repos\net\release\net.exe
c:\users\administrator\source\repos\net\release\net.pdb
c:\users\administrator\source\repos\net\release\net.ipdb
c:\users\administrator\source\repos\net\release\net.iobj
c:\users\administrator\source\repos\net\net\release\nativecodeanalysis.read.1.tlog
c:\users\administrator\source\repos\net\net\release\vc.nativecodeanalysis.all.xml
c:\users\administrator\source\repos\net\net\release\net.tlog\cl.command.1.tlog
c:\users\administrator\source\repos\net\net\release\net.tlog\cl.read.1.tlog
c:\users\administrator\source\repos\net\net\release\net.tlog\cl.write.1.tlog
c:\users\administrator\source\repos\net\net\release\net.tlog\link.command.1.tlog
c:\users\administrator\source\repos\net\net\release\net.tlog\link.read.1.tlog
c:\users\administrator\source\repos\net\net\release\net.tlog\link.write.1.tlog
c:\users\administrator\source\repos\net\net\release\net.tlog\net.write.1u.tlog
